2023-04-03 02:20:49.339828 - Initialized conversion of CBT745
2023-04-03 02:20:50.046339 - Received CBT.V504.FILE745.PDS from FILE745.XMI 
2023-04-03 02:20:50.048771 - Found $$$#DATE.txt (text/plain) in CBT.V504.FILE745.PDS, moved to PDS/$$$#DATE
2023-04-03 02:20:50.049966 - Found $$NOTE01.txt (text/plain) in CBT.V504.FILE745.PDS, moved to PDS/$$NOTE01
2023-04-03 02:20:50.051001 - Found $TSORECV.jcl (text/plain) in CBT.V504.FILE745.PDS, moved to PDS/$TSORECV
2023-04-03 02:20:50.051986 - Found @FILE745.txt (text/plain) in CBT.V504.FILE745.PDS, moved to PDS/@FILE745
2023-04-03 02:20:50.168072 - Found DOC.xmi (application/xmit) in CBT.V504.FILE745.PDS
2023-04-03 02:20:50.190026   - Received to CBT745/DOC.CBT
2023-04-03 02:20:50.256497 - Found FMLOAD.xmi (application/xmit) in CBT.V504.FILE745.PDS
2023-04-03 02:20:50.297244   - Received RECFM=U data, stored XMIT file as CBT745/FMLOAD.xmi
2023-04-03 02:20:50.418006 - Found FORMATS.xmi (application/xmit) in CBT.V504.FILE745.PDS
2023-04-03 02:20:50.448946   - Received to CBT745/FORMATS.CBT
2023-04-03 02:20:50.752416 - Found ISPPLIB.xmi (application/xmit) in CBT.V504.FILE745.PDS
2023-04-03 02:20:50.822956   - Received to CBT745/ISPPLIB.CBT
2023-04-03 02:20:50.863402 - Found JCL.xmi (application/xmit) in CBT.V504.FILE745.PDS
2023-04-03 02:20:50.874773   - Received to CBT745/JCL.CBT
2023-04-03 02:20:51.218044 - Found MACS.xmi (application/xmit) in CBT.V504.FILE745.PDS
2023-04-03 02:20:51.283567   - Received to CBT745/MACLIB.CBT
2023-04-03 02:20:51.442612 - Found OBJECT.xmi (application/xmit) in CBT.V504.FILE745.PDS
2023-04-03 02:20:51.570856   - Received to CBT745/FM.OBJECT
2023-04-03 02:20:51.576417 - Found OPTS.xmi (application/xmit) in CBT.V504.FILE745.PDS
2023-04-03 02:20:51.579942   - Received to CBT745/OPTS.CBT
2023-04-03 02:20:52.066031 - Found SMF.xmi (application/xmit) in CBT.V504.FILE745.PDS
2023-04-03 02:20:52.139511   - Received to CBT745/SMF.CBT
2023-04-03 02:20:52.245722 - Found SMGR.xmi (application/xmit) in CBT.V504.FILE745.PDS
2023-04-03 02:20:52.264783   - Received to CBT745/SMGR.CBT
2023-04-03 02:20:53.201747 - Found SOURCE.xmi (application/xmit) in CBT.V504.FILE745.PDS
2023-04-03 02:20:53.299596   - Received to CBT745/SOURCE.CBT
2023-04-03 02:20:53.435279 - Found USERFMT.xmi (application/xmit) in CBT.V504.FILE745.PDS
2023-04-03 02:20:53.454595   - Received to CBT745/USERFMT.CBT
2023-04-03 02:20:53.457986 - Found USER1.xmi (application/xmit) in CBT.V504.FILE745.PDS
2023-04-03 02:20:53.461847   - Received to CBT745/FM.USER1
